This is pdfTeX, Version 3.141592653-2.6-1.40.24 (MiKTeX 22.10) (preloaded format=pdflatex 2023.1.14)  14 JAN 2023 22:58
entering extended mode
 restricted \write18 enabled.
 %&-line parsing enabled.
**/home/tommaso/GitHub/grammafy/grammafy.py
(/home/tommaso/GitHub/grammafy/grammafy.py
LaTeX2e <2022-11-01> patch level 1
L3 programming layer <2022-12-17>

! LaTeX Error: Missing \begin{document}.

See the LaTeX manual or LaTeX Companion for explanation.
Type  H <return>  for immediate help.
 ...                                              
                                                  
l.1 i
     mport os # import time if need to debug, time.sleep(seconds)
? 
! Emergency stop.
 ...                                              
                                                  
l.1 i
     mport os # import time if need to debug, time.sleep(seconds)
You're in trouble here.  Try typing  <return>  to proceed.
If that doesn't work, type  X <return>  to quit.

 
Here is how much of TeX's memory you used:
 20 strings out of 478342
 569 string characters out of 2841162
 1848793 words of memory out of 3000000
 20235 multiletter control sequences out of 15000+600000
 512287 words of font info for 32 fonts, out of 8000000 for 9000
 0 hyphenation exceptions out of 8191
 13i,0n,12p,135b,14s stack positions out of 10000i,1000n,20000p,200000b,80000s
!  ==> Fatal error occurred, no output PDF file produced!
